<?xml version="1.0" encoding="UTF-8"?>
<testng-results skipped="0" failed="0" ignored="0" total="1" passed="1">
  <reporter-output>
    <line>
      <![CDATA[QSpiders]]>
    </line>
    <line>
      <![CDATA[JSpiders]]>
    </line>
    <line>
      <![CDATA[TSpiders]]>
    </line>
  </reporter-output>
  <suite name="Default suite" duration-ms="95" started-at="2019-02-12T16:43:42Z" finished-at="2019-02-12T16:43:42Z">
    <groups>
    </groups>
    <test name="Default test" duration-ms="95" started-at="2019-02-12T16:43:42Z" finished-at="2019-02-12T16:43:42Z">
      <class name="TestNGDemo1">
        <test-method status="PASS" signature="test1()[pri:0, instance:TestNGDemo1@6d8a00e3]" name="test1" duration-ms="29" started-at="2019-02-12T16:43:42Z" finished-at="2019-02-12T16:43:42Z">
          <reporter-output>
            <line>
              <![CDATA[QSpiders]]>
            </line>
            <line>
              <![CDATA[JSpiders]]>
            </line>
            <line>
              <![CDATA[TSpiders]]>
            </line>
          </reporter-output>
        </test-method> <!-- test1 -->
      </class> <!-- TestNGDemo1 -->
    </test> <!-- Default test -->
  </suite> <!-- Default suite -->
</testng-results>
